PID=1076523
--- SEC 1 ---
 0.0
0, 1, 1451
1, 1, 58
--- SEC 2 ---
 451
0, 1, 1466
1, 0, 58
--- SEC 3 ---
 274
0, 0, 2098
1, 0, 702
--- SEC 4 ---
 213
0, 1, 1796
1, 1, 332
--- SEC 5 ---
 437
0, 1, 1796
1, 0, 332
--- SEC 6 ---
 432
0, 11, 1952
1, 0, 332
--- SEC 7 ---
 360
0, 31, 3146
1, 0, 332
--- SEC 8 ---
 310
0, 17, 3146
1, 0, 332
--- SEC 9 ---
 271
0, 16, 3146
1, 0, 332
--- SEC 10 ---
 241
0, 24, 3150
1, 0, 332
--- SEC 11 ---
 217
0, 16, 3146
1, 0, 332
--- SEC 12 ---
 198
0, 17, 3146
1, 0, 332
--- SEC 13 ---
 181
0, 16, 3146
1, 0, 332
--- SEC 14 ---
 167
0, 16, 3146
1, 0, 332
--- SEC 15 ---
 156
0, 18, 3146
1, 0, 332
--- SEC 16 ---
 145
0, 16, 3146
1, 0, 332
--- SEC 17 ---
 136
0, 18, 3150
1, 0, 332
--- SEC 18 ---
 128
0, 16, 3146
1, 0, 332
--- SEC 19 ---
 121
0, 20, 3150
1, 0, 332
--- SEC 20 ---
 115
0, 16, 3146
1, 0, 332
--- SEC 21 ---
 109
0, 28, 3146
1, 0, 332
--- SEC 22 ---
 104
0, 16, 3146
1, 0, 332
--- SEC 23 ---
99.4
0, 16, 3146
1, 0, 332
--- SEC 24 ---
95.1
0, 20, 3146
1, 0, 332
--- SEC 25 ---
91.0
0, 16, 3146
1, 0, 332
--- SEC 26 ---
87.3
0, 16, 3146
1, 0, 332
--- SEC 27 ---
84.0
0, 16, 3146
1, 0, 332
--- SEC 28 ---
80.8
0, 16, 3146
1, 0, 332
--- SEC 29 ---
78.0
0, 16, 3146
1, 0, 332
--- SEC 30 ---
75.3
0, 16, 3146
1, 0, 332
--- SEC 31 ---
72.8
0, 16, 3146
1, 0, 332
--- SEC 32 ---
70.4
0, 16, 3146
1, 0, 332
--- SEC 33 ---
68.2
0, 16, 3146
1, 0, 332
--- SEC 34 ---
66.2
0, 21, 3146
1, 0, 332
--- SEC 35 ---
64.2
0, 16, 3146
1, 0, 332
--- SEC 36 ---
62.4
0, 16, 3146
1, 0, 332
--- SEC 37 ---
60.7
0, 16, 3146
1, 0, 332
--- SEC 38 ---
59.0
0, 16, 3146
1, 0, 332
--- SEC 39 ---
97.1
0, 1, 1796
1, 0, 332
--- SEC 40 ---
 132
0, 1, 4136
1, 0, 2356
--- SEC 41 ---
 134
0, 46, 4890
1, 76, 1496
--- SEC 42 ---
 138
0, 1, 6052
1, 82, 1496
--- SEC 43 ---
 141
0, 7, 6048
1, 64, 1496
--- SEC 44 ---
 144
0, 5, 6052
1, 67, 1496
--- SEC 45 ---
 147
0, 47, 6048
1, 68, 1496
--- SEC 46 ---
 149
0, 99, 6048
1, 65, 1496
--- SEC 47 ---
 152
0, 100, 6048
1, 64, 1496
--- SEC 48 ---
 154
0, 100, 6048
1, 65, 1496
--- SEC 49 ---
 156
0, 67, 6048
1, 65, 1496
--- SEC 50 ---
 159
0, 39, 6048
1, 65, 1496
--- SEC 51 ---
 161
0, 7, 6048
1, 65, 1496
--- SEC 52 ---
 163
0, 3, 6048
1, 65, 1496
--- SEC 53 ---
 165
0, 6, 6048
1, 65, 1496
--- SEC 54 ---
 167
0, 8, 6048
1, 65, 1496
--- SEC 55 ---
 169
0, 7, 6052
1, 65, 1496
--- SEC 56 ---
 170
0, 5, 6048
1, 69, 1496
--- SEC 57 ---
 172
0, 10, 6052
1, 69, 1496
--- SEC 58 ---
 174
0, 61, 6048
1, 69, 1496
--- SEC 59 ---
 175
0, 100, 6048
1, 69, 1496
--- SEC 60 ---
 177
0, 100, 6048
1, 66, 1496
--- SEC 61 ---
 178
0, 96, 6048
1, 64, 1496
--- SEC 62 ---
 180
0, 44, 6048
1, 65, 1496
--- SEC 63 ---
 181
0, 18, 6048
1, 66, 1496
--- SEC 64 ---
 183
0, 4, 6048
1, 66, 1496
--- SEC 65 ---
 184
0, 4, 6048
1, 68, 1496
--- SEC 66 ---
 185
0, 8, 6052
1, 69, 1496
--- SEC 67 ---
 187
0, 9, 6048
1, 70, 1496
--- SEC 68 ---
 188
0, 8, 6052
1, 68, 1496
--- SEC 69 ---
 189
0, 75, 6048
1, 65, 1496
--- SEC 70 ---
 190
0, 100, 6048
1, 65, 1496
--- SEC 71 ---
 191
0, 36, 6542
1, 65, 182
--- SEC 72 ---
 190
0, 7, 4474
1, 3, 182
--- SEC 73 ---
 187
0, 1, 3316
1, 0, 182
--- SEC 74 ---
 185
0, 1, 3316
1, 0, 182
EXIT=0
