PID=1097823
--- SEC 1 ---
 0.0
0, 3, 1545
1, 32, 58
--- SEC 2 ---
 442
0, 2, 1558
1, 32, 58
--- SEC 3 ---
 270
0, 29, 2545
1, 36, 1046
--- SEC 4 ---
 212
0, 3, 1877
1, 68, 332
--- SEC 5 ---
 328
0, 3, 1860
1, 12, 332
--- SEC 6 ---
 440
0, 3, 1958
1, 9, 332
--- SEC 7 ---
 368
0, 36, 3185
1, 11, 332
--- SEC 8 ---
 316
0, 20, 3183
1, 7, 332
--- SEC 9 ---
 277
0, 17, 3181
1, 9, 332
--- SEC 10 ---
 246
0, 26, 3186
1, 2, 332
--- SEC 11 ---
 222
0, 16, 3191
1, 6, 332
--- SEC 12 ---
 202
0, 19, 3204
1, 1, 332
--- SEC 13 ---
 185
0, 18, 3201
1, 0, 332
--- SEC 14 ---
 171
0, 18, 3193
1, 0, 332
--- SEC 15 ---
 159
0, 18, 3184
1, 0, 332
--- SEC 16 ---
 148
0, 18, 3190
1, 0, 332
--- SEC 17 ---
 139
0, 26, 3187
1, 0, 332
--- SEC 18 ---
 131
0, 19, 3187
1, 0, 332
--- SEC 19 ---
 124
0, 32, 3192
1, 0, 332
--- SEC 20 ---
 117
0, 18, 3192
1, 24, 332
--- SEC 21 ---
 111
0, 30, 3210
1, 17, 332
--- SEC 22 ---
 106
0, 18, 3209
1, 17, 332
--- SEC 23 ---
 101
0, 18, 3207
1, 0, 332
--- SEC 24 ---
97.1
0, 29, 3207
1, 26, 332
--- SEC 25 ---
93.1
0, 18, 3206
1, 8, 332
--- SEC 26 ---
89.5
0, 18, 3200
1, 1, 332
--- SEC 27 ---
86.0
0, 21, 3199
1, 0, 332
--- SEC 28 ---
82.8
0, 18, 3192
1, 0, 332
--- SEC 29 ---
79.9
0, 18, 3188
1, 0, 332
--- SEC 30 ---
77.1
0, 18, 3200
1, 0, 332
--- SEC 31 ---
74.5
0, 17, 3210
1, 42, 332
--- SEC 32 ---
72.1
0, 18, 3216
1, 22, 332
--- SEC 33 ---
69.9
0, 20, 3213
1, 5, 332
--- SEC 34 ---
67.8
0, 19, 3241
1, 44, 332
--- SEC 35 ---
65.9
0, 36, 3479
1, 29, 332
--- SEC 36 ---
64.0
0, 20, 3241
1, 21, 332
--- SEC 37 ---
62.2
0, 18, 3236
1, 26, 332
--- SEC 38 ---
60.6
0, 18, 3472
1, 1, 332
--- SEC 39 ---
85.0
0, 2, 1890
1, 17, 332
--- SEC 40 ---
 132
0, 4, 1939
1, 19, 332
--- SEC 41 ---
 134
0, 99, 4248
1, 94, 3734
--- SEC 42 ---
 137
0, 8, 5000
1, 73, 1496
--- SEC 43 ---
 140
0, 42, 5226
1, 76, 1496
--- SEC 44 ---
 142
0, 48, 4989
1, 79, 1496
--- SEC 45 ---
 144
0, 52, 4985
1, 76, 1496
--- SEC 46 ---
 147
0, 61, 4980
1, 75, 1496
--- SEC 47 ---
 149
0, 77, 4980
1, 71, 1496
--- SEC 48 ---
 151
0, 81, 5194
1, 72, 1496
--- SEC 49 ---
 153
0, 83, 4971
1, 74, 1496
--- SEC 50 ---
 155
0, 97, 4971
1, 76, 1496
--- SEC 51 ---
 156
0, 100, 4970
1, 75, 1496
--- SEC 52 ---
 158
0, 100, 4970
1, 75, 1496
--- SEC 53 ---
 160
0, 100, 4971
1, 67, 1496
--- SEC 54 ---
 161
0, 100, 4967
1, 73, 1496
--- SEC 55 ---
 163
0, 100, 4967
1, 75, 1496
--- SEC 56 ---
 164
0, 93, 4967
1, 74, 1496
--- SEC 57 ---
 166
0, 83, 4972
1, 74, 1496
--- SEC 58 ---
 167
0, 64, 4966
1, 74, 1496
--- SEC 59 ---
 168
0, 55, 4965
1, 69, 1496
--- SEC 60 ---
 170
0, 28, 4965
1, 68, 1496
--- SEC 61 ---
 171
0, 26, 4965
1, 75, 1496
--- SEC 62 ---
 172
0, 18, 4968
1, 75, 1496
--- SEC 63 ---
 173
0, 13, 4968
1, 76, 1496
--- SEC 64 ---
 174
0, 7, 4973
1, 74, 1496
--- SEC 65 ---
 175
0, 4, 4971
1, 65, 1496
--- SEC 66 ---
 176
0, 2, 4971
1, 73, 1496
--- SEC 67 ---
 177
0, 2, 4971
1, 76, 1496
--- SEC 68 ---
 178
0, 3, 4965
1, 76, 1496
--- SEC 69 ---
 179
0, 3, 4953
1, 69, 1496
--- SEC 70 ---
 179
0, 3, 3379
1, 69, 182
--- SEC 71 ---
 178
0, 3, 3921
1, 31, 182
--- SEC 72 ---
 176
0, 10, 3921
1, 0, 182
--- SEC 73 ---
 174
0, 10, 3921
1, 0, 182
--- SEC 74 ---
 172
0, 9, 3921
1, 0, 182
--- SEC 75 ---
 171
0, 10, 3921
1, 0, 182
--- SEC 76 ---
 169
0, 9, 3921
1, 0, 182
--- SEC 77 ---
 167
0, 9, 3921
1, 0, 182
--- SEC 78 ---
 166
0, 9, 3921
1, 0, 182
--- SEC 79 ---
 165
0, 9, 3921
1, 0, 182
--- SEC 80 ---
 163
0, 9, 3926
1, 0, 182
--- SEC 81 ---
 162
0, 10, 3941
1, 12, 182
--- SEC 82 ---
 160
0, 12, 3939
1, 3, 182
--- SEC 83 ---
 159
0, 2, 3397
1, 5, 182
--- SEC 84 ---
 157
0, 2, 3397
1, 0, 182
EXIT=0
