PID=1052086
--- SEC 1 ---
 0.0  0.0
0, 1, 1446
1, 0, 58
--- SEC 2 ---
 440  0.5
0, 1, 1461
1, 0, 58
--- SEC 3 ---
 268  1.0
0, 89, 1788
1, 20, 332
--- SEC 4 ---
 208  2.5
0, 1, 1788
1, 26, 332
--- SEC 5 ---
 197  4.0
0, 2, 6132
1, 4, 2356
--- SEC 6 ---
 201  4.8
0, 56, 4410
1, 97, 1496
--- SEC 7 ---
 208  5.5
0, 100, 4410
1, 75, 1496
--- SEC 8 ---
 215  6.2
0, 90, 4410
1, 75, 1496
--- SEC 9 ---
 218  6.8
0, 64, 4410
1, 69, 1496
--- SEC 10 ---
 221  7.5
0, 33, 4414
1, 68, 1496
--- SEC 11 ---
 223  8.2
0, 8, 4410
1, 74, 1496
--- SEC 12 ---
 224  8.8
0, 4, 4410
1, 74, 1496
--- SEC 13 ---
 226  9.5
0, 1, 4414
1, 75, 1496
--- SEC 14 ---
 227 10.2
0, 1, 4414
1, 65, 1496
--- SEC 15 ---
 229 10.9
0, 1, 4414
1, 74, 1496
--- SEC 16 ---
 230 11.5
0, 1, 4414
1, 76, 1496
--- SEC 17 ---
 231 12.2
0, 5, 4410
1, 75, 1496
--- SEC 18 ---
 231 12.8
0, 33, 4414
1, 68, 1496
--- SEC 19 ---
 231 13.5
0, 66, 4410
1, 69, 1496
--- SEC 20 ---
 227 13.8
0, 49, 4134
1, 63, 182
--- SEC 21 ---
 292 15.7
0, 1, 4130
1, 0, 182
--- SEC 22 ---
 404 19.5
0, 1, 4130
1, 0, 182
--- SEC 23 ---
 457 17.5
0, 2, 4130
1, 0, 182
--- SEC 24 ---
 507 15.3
0, 1, 4130
1, 0, 182
--- SEC 25 ---
 532 13.6
0, 1, 4175
1, 0, 182
--- SEC 26 ---
 511 13.6
0, 10, 4342
1, 4, 200
--- SEC 27 ---
 491 13.6
0, 1, 8741
1, 36, 4664
--- SEC 28 ---
 473 13.6
0, 66, 8741
1, 86, 4664
--- SEC 29 ---
 456 13.6
0, 44, 8741
1, 0, 4664
--- SEC 30 ---
 440 13.6
0, 70, 8741
1, 0, 4664
--- SEC 31 ---
 426 13.6
0, 1, 8741
1, 50, 4664
--- SEC 32 ---
 412 13.6
0, 1, 8741
1, 23, 4664
--- SEC 33 ---
 400 13.6
0, 2, 8741
1, 23, 4664
--- SEC 34 ---
 387 13.6
0, 1, 8741
1, 46, 4664
--- SEC 35 ---
 376 13.6
0, 2, 8741
1, 14, 4664
--- SEC 36 ---
 365 13.6
0, 1, 8741
1, 32, 4664
--- SEC 37 ---
 355 13.6
0, 1, 8741
1, 23, 4664
--- SEC 38 ---
 346 13.6
0, 2, 8741
1, 23, 4664
--- SEC 39 ---
 337 13.6
0, 2, 8741
1, 29, 4664
--- SEC 40 ---
 328 13.6
0, 2, 8741
1, 17, 4664
--- SEC 41 ---
 320 13.6
0, 26, 8741
1, 46, 4664
--- SEC 42 ---
 312 13.6
0, 2, 8741
1, 0, 4664
--- SEC 43 ---
 305 13.6
0, 2, 8741
1, 23, 4664
--- SEC 44 ---
 298 13.6
0, 1, 8741
1, 0, 4664
--- SEC 45 ---
 291 13.6
0, 1, 8745
1, 23, 4664
--- SEC 46 ---
 285 13.6
0, 1, 8741
1, 6, 4664
--- SEC 47 ---
 279 13.6
0, 4, 8741
1, 17, 4664
--- SEC 48 ---
 273 13.6
0, 2, 8741
1, 23, 4664
--- SEC 49 ---
 267 13.6
0, 2, 8741
1, 0, 4664
--- SEC 50 ---
 262 13.6
0, 2, 8741
1, 23, 4664
--- SEC 51 ---
 257 13.6
0, 1, 8741
1, 0, 4664
--- SEC 52 ---
 252 13.6
0, 2, 8741
1, 23, 4664
--- SEC 53 ---
 247 13.6
0, 1, 8741
1, 5, 4664
--- SEC 54 ---
 242 13.6
0, 59, 8741
1, 18, 4664
--- SEC 55 ---
 238 13.6
0, 1, 8741
1, 23, 4664
--- SEC 56 ---
 233 13.6
0, 2, 8741
1, 12, 4664
--- SEC 57 ---
 229 13.6
0, 1, 8741
1, 23, 4664
--- SEC 58 ---
 225 13.6
0, 1, 8741
1, 23, 4664
--- SEC 59 ---
 221 13.6
0, 1, 8741
1, 23, 4664
--- SEC 60 ---
 218 13.6
0, 2, 8741
1, 0, 4664
EXIT=0
