Started test with PID 1039478
--- SEC 2 ---
 0.0  0.0 11804
0, NVIDIA GeForce RTX 5070 Ti, 2 %, 1467 MiB
1, NVIDIA GeForce RTX 2060, 0 %, 58 MiB
--- SEC 4 ---
 267  1.0 1414364
0, NVIDIA GeForce RTX 5070 Ti, 3 %, 2504 MiB
1, NVIDIA GeForce RTX 2060, 0 %, 702 MiB
--- SEC 6 ---
 326  3.1 4054472
0, NVIDIA GeForce RTX 5070 Ti, 2 %, 1823 MiB
1, NVIDIA GeForce RTX 2060, 1 %, 332 MiB
--- SEC 8 ---
 561  4.5 5930908
0, NVIDIA GeForce RTX 5070 Ti, 3 %, 3919 MiB
1, NVIDIA GeForce RTX 2060, 53 %, 822 MiB
--- SEC 10 ---
 707  5.8 7596508
0, NVIDIA GeForce RTX 5070 Ti, 1 %, 4397 MiB
1, NVIDIA GeForce RTX 2060, 60 %, 1430 MiB
--- SEC 12 ---
 796  6.8 8907836
0, NVIDIA GeForce RTX 5070 Ti, 2 %, 4399 MiB
1, NVIDIA GeForce RTX 2060, 59 %, 1430 MiB
--- SEC 14 ---
 851  7.9 10280372
0, NVIDIA GeForce RTX 5070 Ti, 5 %, 4397 MiB
1, NVIDIA GeForce RTX 2060, 66 %, 1430 MiB
--- SEC 16 ---
 894  8.8 11374548
0, NVIDIA GeForce RTX 5070 Ti, 8 %, 4407 MiB
1, NVIDIA GeForce RTX 2060, 53 %, 1430 MiB
--- SEC 18 ---
 924  9.9 12893208
0, NVIDIA GeForce RTX 5070 Ti, 7 %, 4406 MiB
1, NVIDIA GeForce RTX 2060, 57 %, 1430 MiB
--- SEC 20 ---
 947 10.9 14164588
0, NVIDIA GeForce RTX 5070 Ti, 8 %, 4406 MiB
1, NVIDIA GeForce RTX 2060, 66 %, 1430 MiB
--- SEC 22 ---
 969 12.3 15909132
0, NVIDIA GeForce RTX 5070 Ti, 33 %, 4402 MiB
1, NVIDIA GeForce RTX 2060, 58 %, 1430 MiB
--- SEC 24 ---
 984 13.2 17154480
0, NVIDIA GeForce RTX 5070 Ti, 100 %, 4404 MiB
1, NVIDIA GeForce RTX 2060, 62 %, 1430 MiB
--- SEC 26 ---
 989 13.8 17945520
0, NVIDIA GeForce RTX 5070 Ti, 79 %, 2078 MiB
1, NVIDIA GeForce RTX 2060, 62 %, 182 MiB
--- SEC 28 ---
1041 19.4 25056184
0, NVIDIA GeForce RTX 5070 Ti, 1 %, 2079 MiB
1, NVIDIA GeForce RTX 2060, 0 %, 182 MiB
--- SEC 30 ---
1087 16.1 20901144
0, NVIDIA GeForce RTX 5070 Ti, 2 %, 2079 MiB
1, NVIDIA GeForce RTX 2060, 0 %, 182 MiB
--- SEC 32 ---
1078  0.0     0
0, NVIDIA GeForce RTX 5070 Ti, 5 %, 2083 MiB
1, NVIDIA GeForce RTX 2060, 0 %, 182 MiB
Done
