PID=1121180
--- SEC 1 ---
0, 0, 1478
1, 0, 58
--- SEC 2 ---
0, 0, 1480
1, 0, 58
--- SEC 3 ---
0, 1, 2127
1, 0, 702
--- SEC 4 ---
0, 2, 1802
1, 47, 332
--- SEC 5 ---
0, 2, 1802
1, 0, 332
--- SEC 6 ---
0, 2, 1966
1, 0, 332
--- SEC 7 ---
0, 18, 3151
1, 0, 332
--- SEC 8 ---
0, 18, 3151
1, 0, 332
--- SEC 9 ---
0, 22, 3151
1, 0, 332
--- SEC 10 ---
0, 16, 3151
1, 0, 332
--- SEC 11 ---
0, 16, 3151
1, 0, 332
--- SEC 12 ---
0, 24, 3151
1, 0, 332
--- SEC 13 ---
0, 18, 3152
1, 0, 332
--- SEC 14 ---
0, 18, 3152
1, 0, 332
--- SEC 15 ---
0, 18, 3151
1, 0, 332
--- SEC 16 ---
0, 23, 3151
1, 0, 332
--- SEC 17 ---
0, 18, 3151
1, 0, 332
--- SEC 18 ---
0, 27, 3151
1, 0, 332
--- SEC 19 ---
0, 18, 3151
1, 0, 332
--- SEC 20 ---
0, 18, 3151
1, 0, 332
--- SEC 21 ---
0, 18, 3151
1, 0, 332
--- SEC 22 ---
0, 18, 3151
1, 0, 332
--- SEC 23 ---
0, 18, 3151
1, 0, 332
--- SEC 24 ---
0, 22, 3151
1, 0, 332
--- SEC 25 ---
0, 29, 3151
1, 0, 332
--- SEC 26 ---
0, 30, 3151
1, 0, 332
--- SEC 27 ---
0, 17, 3151
1, 0, 332
--- SEC 28 ---
0, 24, 3151
1, 0, 332
--- SEC 29 ---
0, 18, 3151
1, 0, 332
--- SEC 30 ---
0, 18, 3151
1, 0, 332
--- SEC 31 ---
0, 18, 3151
1, 0, 332
--- SEC 32 ---
0, 17, 3164
1, 2, 332
--- SEC 33 ---
0, 19, 3193
1, 51, 332
--- SEC 34 ---
0, 20, 3193
1, 38, 332
--- SEC 35 ---
0, 25, 3174
1, 37, 332
--- SEC 36 ---
0, 20, 3169
1, 33, 332
--- SEC 37 ---
0, 20, 3161
1, 38, 332
--- SEC 38 ---
0, 20, 3160
1, 26, 332
--- SEC 39 ---
0, 2, 1824
1, 27, 332
--- SEC 40 ---
0, 3, 1845
1, 37, 332
--- SEC 41 ---
0, 91, 3429
1, 13, 3734
--- SEC 42 ---
0, 100, 4464
1, 89, 1496
--- SEC 43 ---
0, 100, 4461
1, 96, 1496
--- SEC 44 ---
0, 100, 4461
1, 96, 1496
--- SEC 45 ---
0, 79, 4456
1, 96, 1496
--- SEC 46 ---
0, 32, 4724
1, 97, 1496
--- SEC 47 ---
0, 88, 4551
1, 97, 1496
--- SEC 48 ---
0, 100, 4549
1, 98, 1496
--- SEC 49 ---
0, 72, 4575
1, 97, 1496
--- SEC 50 ---
0, 50, 4554
1, 98, 1496
--- SEC 51 ---
0, 85, 4530
1, 98, 1496
--- SEC 52 ---
0, 100, 4505
1, 97, 1496
--- SEC 53 ---
0, 100, 4505
1, 97, 1495
--- SEC 54 ---
0, 62, 4496
1, 98, 1495
--- SEC 55 ---
0, 37, 4484
1, 98, 1495
--- SEC 56 ---
0, 69, 4440
1, 98, 1495
--- SEC 57 ---
0, 100, 4440
1, 96, 1495
--- SEC 58 ---
0, 100, 4427
1, 97, 1495
--- SEC 59 ---
0, 100, 6561
1, 98, 1495
--- SEC 60 ---
0, 8, 3305
1, 55, 181
--- SEC 61 ---
0, 4, 3853
1, 19, 181
--- SEC 62 ---
0, 8, 3853
1, 18, 181
--- SEC 63 ---
0, 4, 3853
1, 19, 181
--- SEC 64 ---
0, 4, 3853
1, 19, 181
--- SEC 65 ---
0, 8, 3853
1, 19, 181
--- SEC 66 ---
0, 10, 3853
1, 19, 181
--- SEC 67 ---
0, 4, 3853
1, 19, 181
--- SEC 68 ---
0, 4, 3865
1, 17, 181
--- SEC 69 ---
0, 10, 3871
1, 19, 181
--- SEC 70 ---
0, 4, 3871
1, 19, 181
--- SEC 71 ---
0, 4, 3871
1, 19, 181
--- SEC 72 ---
0, 4, 3871
1, 19, 181
--- SEC 73 ---
0, 7, 3871
1, 19, 181
--- SEC 74 ---
0, 7, 3871
1, 19, 181
--- SEC 75 ---
0, 4, 3871
1, 19, 181
--- SEC 76 ---
0, 11, 3870
1, 19, 181
--- SEC 77 ---
0, 6, 3870
1, 32, 181
--- SEC 78 ---
0, 4, 3870
1, 38, 181
--- SEC 79 ---
0, 9, 3887
1, 40, 182
--- SEC 80 ---
0, 4, 3901
1, 40, 182
--- SEC 81 ---
0, 6, 3890
1, 39, 182
--- SEC 82 ---
0, 10, 3895
1, 38, 182
--- SEC 83 ---
0, 5, 3892
1, 36, 182
--- SEC 84 ---
0, 11, 3928
1, 36, 182
--- SEC 85 ---
0, 3, 3918
1, 38, 182
--- SEC 86 ---
0, 10, 3922
1, 40, 182
--- SEC 87 ---
0, 7, 3922
1, 36, 182
--- SEC 88 ---
0, 10, 3927
1, 17, 182
--- SEC 89 ---
0, 4, 3934
1, 25, 182
--- SEC 90 ---
0, 11, 3935
1, 35, 182
--- SEC 91 ---
0, 4, 3935
1, 19, 182
--- SEC 92 ---
0, 10, 3942
1, 38, 182
--- SEC 93 ---
0, 4, 3940
1, 39, 182
--- SEC 94 ---
0, 7, 3939
1, 40, 182
--- SEC 95 ---
0, 12, 3396
1, 39, 182
--- SEC 96 ---
0, 4, 3396
1, 38, 182
--- SEC 97 ---
0, 4, 3386
1, 38, 182
--- SEC 98 ---
0, 5, 3387
1, 39, 182
EXIT=0
