PID=1136539
--- SEC 1 ---
0, 2, 1636
1, 40, 58
--- SEC 2 ---
0, 3, 1636
1, 25, 58
--- SEC 3 ---
0, 23, 2629
1, 19, 3488
--- SEC 4 ---
0, 4, 1982
1, 71, 332
--- SEC 5 ---
0, 3, 1982
1, 18, 332
--- SEC 6 ---
0, 3, 1982
1, 19, 332
--- SEC 7 ---
0, 11, 3332
1, 19, 332
--- SEC 8 ---
0, 27, 3332
1, 19, 332
--- SEC 9 ---
0, 24, 3331
1, 19, 332
--- SEC 10 ---
0, 18, 3332
1, 19, 332
--- SEC 11 ---
0, 18, 3332
1, 19, 332
--- SEC 12 ---
0, 23, 3330
1, 19, 332
--- SEC 13 ---
0, 19, 3331
1, 19, 332
--- SEC 14 ---
0, 19, 3331
1, 19, 332
--- SEC 15 ---
0, 18, 3331
1, 19, 332
--- SEC 16 ---
0, 18, 3331
1, 19, 332
--- SEC 17 ---
0, 19, 3331
1, 19, 332
--- SEC 18 ---
0, 18, 3332
1, 19, 332
--- SEC 19 ---
0, 26, 3331
1, 19, 332
--- SEC 20 ---
0, 25, 3331
1, 31, 332
--- SEC 21 ---
0, 19, 3332
1, 39, 332
--- SEC 22 ---
0, 18, 3332
1, 40, 332
--- SEC 23 ---
0, 18, 3332
1, 40, 332
--- SEC 24 ---
0, 18, 3332
1, 40, 332
--- SEC 25 ---
0, 22, 3330
1, 40, 332
--- SEC 26 ---
0, 19, 3330
1, 40, 332
--- SEC 27 ---
0, 20, 3330
1, 40, 332
--- SEC 28 ---
0, 28, 3331
1, 40, 332
--- SEC 29 ---
0, 19, 3331
1, 29, 332
--- SEC 30 ---
0, 19, 3331
1, 19, 332
--- SEC 31 ---
0, 18, 3331
1, 34, 332
--- SEC 32 ---
0, 20, 3331
1, 40, 332
--- SEC 33 ---
0, 19, 3331
1, 41, 332
--- SEC 34 ---
0, 19, 3332
1, 41, 332
--- SEC 35 ---
0, 18, 3332
1, 39, 332
--- SEC 36 ---
0, 18, 3332
1, 41, 332
--- SEC 37 ---
0, 18, 3332
1, 40, 332
--- SEC 38 ---
0, 20, 3331
1, 29, 332
--- SEC 39 ---
0, 20, 3332
1, 19, 332
--- SEC 40 ---
0, 3, 3330
1, 33, 332
--- SEC 41 ---
0, 4, 1981
1, 40, 332
--- SEC 42 ---
0, 3, 2307
1, 39, 498
--- SEC 43 ---
0, 2, 4085
1, 55, 3734
--- SEC 44 ---
0, 28, 4473
1, 88, 1496
--- SEC 45 ---
0, 38, 4474
1, 86, 1496
--- SEC 46 ---
0, 43, 4474
1, 76, 1496
--- SEC 47 ---
0, 40, 4474
1, 77, 1496
--- SEC 48 ---
0, 49, 4473
1, 86, 1496
--- SEC 49 ---
0, 68, 4473
1, 81, 1496
--- SEC 50 ---
0, 100, 4472
1, 77, 1496
--- SEC 51 ---
0, 100, 4472
1, 77, 1496
--- SEC 52 ---
0, 55, 4473
1, 81, 1496
--- SEC 53 ---
0, 16, 4473
1, 77, 1496
--- SEC 54 ---
0, 3, 4473
1, 78, 1496
--- SEC 55 ---
0, 3, 4473
1, 83, 1496
--- SEC 56 ---
0, 3, 4473
1, 81, 1496
--- SEC 57 ---
0, 4, 4473
1, 76, 1496
--- SEC 58 ---
0, 26, 4537
1, 76, 1496
--- SEC 59 ---
0, 83, 4535
1, 84, 1496
--- SEC 60 ---
0, 100, 4540
1, 81, 1496
--- SEC 61 ---
0, 95, 4540
1, 77, 1496
--- SEC 62 ---
0, 49, 4540
1, 76, 1496
--- SEC 63 ---
0, 8, 4518
1, 85, 1496
--- SEC 64 ---
0, 4, 4536
1, 80, 1496
--- SEC 65 ---
0, 4, 4515
1, 76, 1496
--- SEC 66 ---
0, 5, 4515
1, 77, 1496
--- SEC 67 ---
0, 10, 4515
1, 85, 1496
--- SEC 68 ---
0, 54, 4515
1, 81, 1496
--- SEC 69 ---
0, 100, 4515
1, 75, 1496
--- SEC 70 ---
0, 100, 4536
1, 77, 1496
--- SEC 71 ---
0, 43, 4516
1, 86, 1496
--- SEC 72 ---
0, 4, 4517
1, 79, 1496
--- SEC 73 ---
0, 4, 4517
1, 78, 1496
--- SEC 74 ---
0, 4, 4517
1, 77, 1496
--- SEC 75 ---
0, 7, 6651
1, 86, 1496
--- SEC 76 ---
0, 4, 4032
1, 55, 182
--- SEC 77 ---
0, 5, 4573
1, 18, 182
--- SEC 78 ---
0, 10, 4552
1, 17, 182
--- SEC 79 ---
0, 10, 4550
1, 19, 182
--- SEC 80 ---
0, 11, 4557
1, 19, 182
--- SEC 81 ---
0, 9, 4538
1, 19, 182
--- SEC 82 ---
0, 10, 4540
1, 19, 182
--- SEC 83 ---
0, 10, 4539
1, 19, 182
--- SEC 84 ---
0, 10, 4539
1, 19, 182
--- SEC 85 ---
0, 8, 4539
1, 18, 182
--- SEC 86 ---
0, 8, 4539
1, 19, 182
--- SEC 87 ---
0, 8, 4539
1, 19, 182
--- SEC 88 ---
0, 9, 4539
1, 19, 182
--- SEC 89 ---
0, 8, 4540
1, 19, 182
--- SEC 90 ---
0, 10, 4539
1, 19, 182
EXIT=0
