PID=1131284
--- SEC 1 ---
0, 3, 1656
1, 40, 58
--- SEC 2 ---
0, 2, 1656
1, 40, 58
--- SEC 3 ---
0, 18, 2304
1, 40, 1046
--- SEC 4 ---
0, 3, 2002
1, 65, 332
--- SEC 5 ---
0, 3, 2002
1, 25, 332
--- SEC 6 ---
0, 6, 2002
1, 19, 332
--- SEC 7 ---
0, 12, 2226
1, 19, 332
--- SEC 8 ---
0, 31, 3364
1, 19, 332
--- SEC 9 ---
0, 18, 3364
1, 19, 332
--- SEC 10 ---
0, 18, 3363
1, 19, 332
--- SEC 11 ---
0, 18, 3363
1, 19, 332
--- SEC 12 ---
0, 22, 3363
1, 19, 332
--- SEC 13 ---
0, 18, 3363
1, 19, 332
--- SEC 14 ---
0, 18, 3363
1, 19, 332
--- SEC 15 ---
0, 18, 3363
1, 19, 332
--- SEC 16 ---
0, 19, 3364
1, 19, 332
--- SEC 17 ---
0, 21, 3352
1, 19, 332
--- SEC 18 ---
0, 19, 3351
1, 19, 332
--- SEC 19 ---
0, 26, 3351
1, 19, 332
--- SEC 20 ---
0, 26, 3351
1, 31, 332
--- SEC 21 ---
0, 20, 3351
1, 40, 332
--- SEC 22 ---
0, 24, 3351
1, 40, 332
--- SEC 23 ---
0, 21, 3351
1, 40, 332
--- SEC 24 ---
0, 18, 3351
1, 40, 332
--- SEC 25 ---
0, 18, 3351
1, 39, 332
--- SEC 26 ---
0, 19, 3352
1, 40, 332
--- SEC 27 ---
0, 18, 3352
1, 40, 332
--- SEC 28 ---
0, 18, 3351
1, 37, 332
--- SEC 29 ---
0, 18, 3351
1, 19, 332
--- SEC 30 ---
0, 18, 3351
1, 26, 332
--- SEC 31 ---
0, 18, 3352
1, 40, 332
--- SEC 32 ---
0, 19, 3353
1, 41, 332
--- SEC 33 ---
0, 19, 3396
1, 41, 332
--- SEC 34 ---
0, 19, 3395
1, 38, 332
--- SEC 35 ---
0, 20, 3404
1, 38, 332
--- SEC 36 ---
0, 22, 3405
1, 39, 332
--- SEC 37 ---
0, 20, 3406
1, 41, 332
--- SEC 38 ---
0, 20, 3394
1, 40, 332
--- SEC 39 ---
0, 20, 3391
1, 41, 332
--- SEC 40 ---
0, 25, 3391
1, 39, 332
--- SEC 41 ---
0, 3, 2026
1, 39, 332
--- SEC 42 ---
0, 4, 2026
1, 37, 332
--- SEC 43 ---
0, 48, 6370
1, 38, 3734
--- SEC 44 ---
0, 96, 4518
1, 99, 1496
--- SEC 45 ---
0, 34, 5059
1, 74, 1496
--- SEC 46 ---
0, 14, 5057
1, 84, 1496
--- SEC 47 ---
0, 5, 5057
1, 77, 1496
--- SEC 48 ---
0, 55, 5057
1, 74, 1496
--- SEC 49 ---
0, 100, 5057
1, 83, 1496
--- SEC 50 ---
0, 14, 5057
1, 72, 1496
--- SEC 51 ---
0, 4, 5057
1, 74, 1496
--- SEC 52 ---
0, 15, 5057
1, 86, 1496
--- SEC 53 ---
0, 95, 5077
1, 76, 1496
--- SEC 54 ---
0, 10, 5057
1, 75, 1496
--- SEC 55 ---
0, 10, 5057
1, 78, 1496
--- SEC 56 ---
0, 100, 5057
1, 83, 1496
--- SEC 57 ---
0, 66, 5077
1, 74, 1496
--- SEC 58 ---
0, 11, 5057
1, 75, 1496
--- SEC 59 ---
0, 4, 5057
1, 86, 1496
--- SEC 60 ---
0, 7, 5057
1, 75, 1496
--- SEC 61 ---
0, 81, 5057
1, 72, 1496
--- SEC 62 ---
0, 100, 5057
1, 82, 1496
--- SEC 63 ---
0, 9, 5057
1, 78, 1496
--- SEC 64 ---
0, 4, 5057
1, 75, 1496
--- SEC 65 ---
0, 34, 5057
1, 75, 1496
--- SEC 66 ---
0, 100, 5057
1, 86, 1496
--- SEC 67 ---
0, 28, 5077
1, 76, 1496
--- SEC 68 ---
0, 7, 5057
1, 74, 1496
--- SEC 69 ---
0, 4, 5057
1, 80, 1496
--- SEC 70 ---
0, 35, 5057
1, 80, 1496
--- SEC 71 ---
0, 89, 5057
1, 75, 1496
--- SEC 72 ---
0, 85, 5077
1, 76, 1496
--- SEC 73 ---
0, 7, 5057
1, 83, 1496
--- SEC 74 ---
0, 8, 5069
1, 75, 1496
--- SEC 75 ---
0, 53, 5069
1, 74, 1496
--- SEC 76 ---
0, 100, 5090
1, 86, 1496
--- SEC 77 ---
0, 48, 4207
1, 75, 822
--- SEC 78 ---
0, 9, 4595
1, 70, 182
--- SEC 79 ---
0, 11, 4053
1, 20, 182
--- SEC 80 ---
0, 4, 4053
1, 18, 182
--- SEC 81 ---
0, 4, 4055
1, 19, 182
EXIT=0
