PID=1143337
--- SEC 1 ---
0, 3, 1684
1, 29, 58
--- SEC 2 ---
0, 3, 1700
1, 19, 58
--- SEC 3 ---
0, 3, 2334
1, 33, 3488
--- SEC 4 ---
0, 3, 2048
1, 68, 332
--- SEC 5 ---
0, 6, 2048
1, 18, 332
--- SEC 6 ---
0, 3, 2064
1, 19, 332
--- SEC 7 ---
0, 12, 2219
1, 18, 332
--- SEC 8 ---
0, 20, 3413
1, 17, 332
--- SEC 9 ---
0, 20, 3413
1, 19, 332
--- SEC 10 ---
0, 21, 3413
1, 19, 332
--- SEC 11 ---
0, 20, 3381
1, 19, 332
--- SEC 12 ---
0, 26, 3381
1, 19, 332
--- SEC 13 ---
0, 20, 3401
1, 19, 332
--- SEC 14 ---
0, 20, 3381
1, 19, 332
--- SEC 15 ---
0, 21, 3381
1, 19, 332
--- SEC 16 ---
0, 20, 3381
1, 19, 332
--- SEC 17 ---
0, 20, 3381
1, 19, 332
--- SEC 18 ---
0, 20, 3379
1, 19, 332
--- SEC 19 ---
0, 31, 3366
1, 19, 332
--- SEC 20 ---
0, 23, 3368
1, 18, 332
--- SEC 21 ---
0, 18, 3364
1, 31, 332
--- SEC 22 ---
0, 20, 3352
1, 39, 332
--- SEC 23 ---
0, 18, 3348
1, 39, 332
--- SEC 24 ---
0, 18, 3347
1, 40, 332
--- SEC 25 ---
0, 18, 3330
1, 39, 332
--- SEC 26 ---
0, 18, 3330
1, 40, 332
--- SEC 27 ---
0, 19, 3330
1, 40, 332
--- SEC 28 ---
0, 19, 3330
1, 40, 332
--- SEC 29 ---
0, 18, 3330
1, 40, 332
--- SEC 30 ---
0, 18, 3330
1, 40, 332
--- SEC 31 ---
0, 18, 3330
1, 40, 332
--- SEC 32 ---
0, 19, 3331
1, 29, 332
--- SEC 33 ---
0, 18, 3330
1, 19, 332
--- SEC 34 ---
0, 20, 3331
1, 33, 332
--- SEC 35 ---
0, 19, 3332
1, 40, 332
--- SEC 36 ---
0, 26, 3332
1, 41, 332
--- SEC 37 ---
0, 28, 3330
1, 40, 332
--- SEC 38 ---
0, 27, 3331
1, 38, 332
--- SEC 39 ---
0, 26, 3332
1, 40, 332
--- SEC 40 ---
0, 25, 3332
1, 40, 332
--- SEC 41 ---
0, 4, 1982
1, 40, 332
--- SEC 42 ---
0, 3, 1983
1, 39, 332
--- SEC 43 ---
0, 3, 6339
1, 38, 2356
--- SEC 44 ---
0, 100, 4484
1, 85, 1496
--- SEC 45 ---
0, 23, 4484
1, 83, 1496
--- SEC 46 ---
0, 90, 4484
1, 95, 1496
--- SEC 47 ---
0, 100, 4485
1, 98, 1496
--- SEC 48 ---
0, 18, 4485
1, 98, 1496
--- SEC 49 ---
0, 100, 4484
1, 96, 1496
--- SEC 50 ---
0, 62, 4485
1, 96, 1496
--- SEC 51 ---
0, 71, 4485
1, 96, 1496
--- SEC 52 ---
0, 100, 4485
1, 95, 1496
--- SEC 53 ---
0, 28, 4473
1, 97, 1496
--- SEC 54 ---
0, 100, 4473
1, 96, 1496
--- SEC 55 ---
0, 67, 4473
1, 96, 1496
--- SEC 56 ---
0, 100, 4474
1, 96, 1496
--- SEC 57 ---
0, 32, 4473
1, 96, 1496
--- SEC 58 ---
0, 96, 4473
1, 96, 1496
--- SEC 59 ---
0, 100, 4473
1, 98, 1496
--- SEC 60 ---
0, 72, 4472
1, 96, 1496
--- SEC 61 ---
0, 33, 4473
1, 96, 1496
--- SEC 62 ---
0, 91, 4473
1, 96, 1496
--- SEC 63 ---
0, 16, 2574
1, 69, 182
--- SEC 64 ---
0, 11, 3116
1, 18, 182
--- SEC 65 ---
0, 14, 3117
1, 18, 182
--- SEC 66 ---
0, 14, 3117
1, 18, 182
--- SEC 67 ---
0, 7, 3117
1, 18, 182
--- SEC 68 ---
0, 8, 3117
1, 19, 182
--- SEC 69 ---
0, 10, 3117
1, 19, 182
--- SEC 70 ---
0, 18, 3117
1, 19, 182
--- SEC 71 ---
0, 10, 3117
1, 19, 182
--- SEC 72 ---
0, 10, 3117
1, 19, 182
--- SEC 76 ---
0, 9, 3117
1, 19, 182
--- SEC 77 ---
0, 16, 3116
1, 19, 182
--- SEC 78 ---
0, 10, 2807
1, 19, 182
--- SEC 79 ---
0, 3, 2576
1, 19, 182
--- SEC 80 ---
0, 2, 2576
1, 19, 182
--- SEC 81 ---
0, 2, 2587
1, 39, 182
EXIT=0
