============================================================
  AI VIDEO ENHANCEMENT
============================================================
  Input:  test_trim.mp4  (0.0h, 2240x1260 @ 25.0fps)
  Output: test_trim_ai_50fps.mp4  (4480x2520 @ 50.0fps)
  Frames: ~375  |  Chunks: 30s each
  ESRGAN: ON  |  RIFE: ON
  Tmpfs:  /tmp/enhance_work  (frames in RAM, zero disk I/O)
============================================================

  1 chunks total, 0 done, 1 remaining

  [ESRGAN] GPU0 NVIDIA GeForce RTX 5070 Ti  batch=8
    warm  VRAM=0.14GB
  [ESRGAN] GPU1 NVIDIA GeForce RTX 2060  batch=4
    warm  VRAM=0.07GB

  == Chunk 0000  [0s–15s] ==
  [Extract] chunk 0000: 375 frames (1.9s, 201fps)
[0 NVIDIA GeForce RTX 5070 Ti]  queueC=2[8]  queueG=0[16]  queueT=1[2]
[0 NVIDIA GeForce RTX 5070 Ti]  bugsbn1=0  bugbilz=0  bugcopc=0  bugihfa=0
[0 NVIDIA GeForce RTX 5070 Ti]  fp16-p/s/a=1/1/1  int8-p/s/a=1/1/1
[0 NVIDIA GeForce RTX 5070 Ti]  subgroup=32  basic=1  vote=1  ballot=1  shuffle=1
[1 NVIDIA GeForce RTX 2060]  queueC=2[8]  queueG=0[16]  queueT=1[2]
[1 NVIDIA GeForce RTX 2060]  bugsbn1=0  bugbilz=0  bugcopc=0  bugihfa=0
[1 NVIDIA GeForce RTX 2060]  fp16-p/s/a=1/1/1  int8-p/s/a=1/1/1
[1 NVIDIA GeForce RTX 2060]  subgroup=32  basic=1  vote=1  ballot=1  shuffle=1
[2 llvmpipe (LLVM 20.1.8, 256 bits)]  queueC=0[1]  queueG=0[1]  queueT=0[1]
[2 llvmpipe (LLVM 20.1.8, 256 bits)]  bugsbn1=0  bugbilz=0  bugcopc=0  bugihfa=0
[2 llvmpipe (LLVM 20.1.8, 256 bits)]  fp16-p/s/a=1/1/1  int8-p/s/a=1/1/1
[2 llvmpipe (LLVM 20.1.8, 256 bits)]  subgroup=8  basic=1  vote=1  ballot=1  shuffle=1
  | RIFE (1260p): 750 frames  (35.6s, 21.1fps) chunk 0000
    ESRGAN 56/750  14.3fps  ETA 49s
    ESRGAN 100/750  16.3fps  ETA 40s
    ESRGAN 152/750  17.6fps  ETA 34s
    ESRGAN 200/750  18.2fps  ETA 30s
    ESRGAN 256/750  18.9fps  ETA 26s
    ESRGAN 304/750  19.3fps  ETA 23s
    ESRGAN 352/750  19.5fps  ETA 20s
    ESRGAN 400/750  19.6fps  ETA 18s
    ESRGAN 456/750  19.8fps  ETA 15s
    ESRGAN 504/750  20.0fps  ETA 12s
    ESRGAN 552/750  20.1fps  ETA 10s
    ESRGAN 600/750  20.1fps  ETA 7s
    ESRGAN 656/750  20.2fps  ETA 5s
    ESRGAN 704/750  20.3fps  ETA 2s
    ESRGAN 736/750  20.2fps  ETA 1s
    ESRGAN 750/750  20.0fps  ETA 0s
    ESRGAN done: 750 frames  38s  20.0fps
  [ESRGAN] chunk 0000: 750 frames (37.5s, 20.0fps)
  [ESRGAN+NVENC] chunk 0000: 750 frames (38.0s, 19.7fps)
  | Progress: 1/1 (100.0%)  ETA 0.0h


  Processing: 0.0h  (0.19x realtime)

[DONE] /home/stev/Descargas/FilosofiaNeurociencias/enhanced/test_trim_ai_50fps.mp4  (0.58 GB)
